2022-05-11 19:10:17,993 [INFO] app: myerrors logger is activated
2022-05-11 19:10:18,646 [INFO] app: myerrors logger is activated
2022-05-11 19:10:19,133 [INFO] app: myerrors logger is activated
2022-05-11 19:10:19,571 [INFO] app: myerrors logger is activated
2022-05-11 19:10:20,023 [INFO] app: myerrors logger is activated
2022-05-11 19:10:20,557 [INFO] app: myerrors logger is activated
2022-05-11 19:10:20,636 [INFO] app: myerrors logger is activated
2022-05-11 19:10:21,106 [INFO] app: myerrors logger is activated
2022-05-11 19:10:21,529 [INFO] app: myerrors logger is activated
2022-05-11 19:10:21,901 [INFO] app: myerrors logger is activated
2022-05-11 19:10:22,340 [INFO] app: myerrors logger is activated
2022-05-11 19:15:53,175 [INFO] app: myerrors logger is activated
2022-05-11 19:15:53,363 [INFO] app: myerrors logger is activated
2022-05-11 19:15:53,658 [INFO] app: myerrors logger is activated
2022-05-11 19:15:53,834 [INFO] app: myerrors logger is activated
2022-05-11 19:15:54,023 [INFO] app: myerrors logger is activated
2022-05-11 19:15:54,496 [INFO] app: myerrors logger is activated
2022-05-11 19:15:54,579 [INFO] app: myerrors logger is activated
2022-05-11 19:15:54,760 [INFO] app: myerrors logger is activated
2022-05-11 19:15:54,939 [INFO] app: myerrors logger is activated
2022-05-11 19:15:55,112 [INFO] app: myerrors logger is activated
2022-05-11 19:15:55,288 [INFO] app: myerrors logger is activated
2022-05-11 19:16:09,670 [INFO] app: myerrors logger is activated
2022-05-11 19:23:32,325 [INFO] app: myerrors logger is activated
2022-05-11 19:23:32,498 [INFO] app: myerrors logger is activated
2022-05-11 19:23:32,798 [INFO] app: myerrors logger is activated
2022-05-11 19:23:32,970 [INFO] app: myerrors logger is activated
2022-05-11 19:23:33,146 [INFO] app: myerrors logger is activated
2022-05-11 19:23:33,644 [INFO] app: myerrors logger is activated
2022-05-11 19:23:33,725 [INFO] app: myerrors logger is activated
2022-05-11 19:23:33,889 [INFO] app: myerrors logger is activated
2022-05-11 19:23:34,058 [INFO] app: myerrors logger is activated
2022-05-11 19:23:34,236 [INFO] app: myerrors logger is activated
2022-05-11 19:23:34,408 [INFO] app: myerrors logger is activated
2022-05-11 19:27:03,684 [INFO] app: myerrors logger is activated
2022-05-11 19:27:03,881 [INFO] app: myerrors logger is activated
2022-05-11 19:27:04,169 [INFO] app: myerrors logger is activated
2022-05-11 19:27:04,348 [INFO] app: myerrors logger is activated
2022-05-11 19:27:04,526 [INFO] app: myerrors logger is activated
2022-05-11 19:27:05,018 [INFO] app: myerrors logger is activated
2022-05-11 19:27:05,099 [INFO] app: myerrors logger is activated
2022-05-11 19:27:05,264 [INFO] app: myerrors logger is activated
2022-05-11 19:27:05,438 [INFO] app: myerrors logger is activated
2022-05-11 19:27:05,617 [INFO] app: myerrors logger is activated
2022-05-11 19:27:05,796 [INFO] app: myerrors logger is activated
2022-05-11 19:27:43,704 [INFO] app: myerrors logger is activated
2022-05-11 19:27:43,892 [INFO] app: myerrors logger is activated
2022-05-11 19:27:44,176 [INFO] app: myerrors logger is activated
2022-05-11 19:27:44,340 [INFO] app: myerrors logger is activated
2022-05-11 19:27:44,510 [INFO] app: myerrors logger is activated
2022-05-11 19:27:44,992 [INFO] app: myerrors logger is activated
2022-05-11 19:27:45,077 [INFO] app: myerrors logger is activated
2022-05-11 19:27:45,249 [INFO] app: myerrors logger is activated
2022-05-11 19:27:45,411 [INFO] app: myerrors logger is activated
2022-05-11 19:27:45,576 [INFO] app: myerrors logger is activated
2022-05-11 19:27:45,755 [INFO] app: myerrors logger is activated
2022-05-11 19:28:42,120 [INFO] app: myerrors logger is activated
2022-05-11 19:28:42,310 [INFO] app: myerrors logger is activated
2022-05-11 19:28:42,629 [INFO] app: myerrors logger is activated
2022-05-11 19:28:42,805 [INFO] app: myerrors logger is activated
2022-05-11 19:28:42,973 [INFO] app: myerrors logger is activated
2022-05-11 19:28:43,455 [INFO] app: myerrors logger is activated
2022-05-11 19:28:43,537 [INFO] app: myerrors logger is activated
2022-05-11 19:28:43,709 [INFO] app: myerrors logger is activated
2022-05-11 19:28:43,879 [INFO] app: myerrors logger is activated
2022-05-11 19:28:44,051 [INFO] app: myerrors logger is activated
2022-05-11 19:28:44,225 [INFO] app: myerrors logger is activated
2022-05-11 19:30:15,084 [INFO] app: myerrors logger is activated
2022-05-11 19:30:15,271 [INFO] app: myerrors logger is activated
2022-05-11 19:30:15,563 [INFO] app: myerrors logger is activated
2022-05-11 19:30:15,740 [INFO] app: myerrors logger is activated
2022-05-11 19:30:15,917 [INFO] app: myerrors logger is activated
2022-05-11 19:30:16,386 [INFO] app: myerrors logger is activated
2022-05-11 19:30:16,473 [INFO] app: myerrors logger is activated
2022-05-11 19:30:16,651 [INFO] app: myerrors logger is activated
2022-05-11 19:30:16,840 [INFO] app: myerrors logger is activated
2022-05-11 19:30:17,014 [INFO] app: myerrors logger is activated
2022-05-11 19:30:17,215 [INFO] app: myerrors logger is activated
2022-05-11 19:31:11,257 [INFO] app: myerrors logger is activated
2022-05-11 19:31:11,432 [INFO] app: myerrors logger is activated
2022-05-11 19:31:11,720 [INFO] app: myerrors logger is activated
2022-05-11 19:31:11,896 [INFO] app: myerrors logger is activated
2022-05-11 19:31:12,073 [INFO] app: myerrors logger is activated
2022-05-11 19:31:12,564 [INFO] app: myerrors logger is activated
2022-05-11 19:31:12,644 [INFO] app: myerrors logger is activated
2022-05-11 19:31:12,812 [INFO] app: myerrors logger is activated
2022-05-11 19:31:12,998 [INFO] app: myerrors logger is activated
2022-05-11 19:31:13,182 [INFO] app: myerrors logger is activated
2022-05-11 19:31:13,365 [INFO] app: myerrors logger is activated
2022-05-11 19:32:20,313 [INFO] app: myerrors logger is activated
2022-05-11 19:32:20,492 [INFO] app: myerrors logger is activated
2022-05-11 19:32:20,774 [INFO] app: myerrors logger is activated
2022-05-11 19:32:20,946 [INFO] app: myerrors logger is activated
2022-05-11 19:32:21,121 [INFO] app: myerrors logger is activated
2022-05-11 19:32:21,442 [INFO] app: myerrors logger is activated
2022-05-11 19:32:21,700 [INFO] app: myerrors logger is activated
2022-05-11 19:32:21,762 [INFO] app: myerrors logger is activated
2022-05-11 19:32:22,078 [INFO] app: myerrors logger is activated
2022-05-11 19:32:22,255 [INFO] app: myerrors logger is activated
2022-05-11 19:32:22,426 [INFO] app: myerrors logger is activated
2022-05-11 19:32:22,602 [INFO] app: myerrors logger is activated
2022-05-11 19:32:22,789 [INFO] app: myerrors logger is activated
2022-05-11 19:33:08,484 [INFO] app: myerrors logger is activated
2022-05-11 19:33:08,667 [INFO] app: myerrors logger is activated
2022-05-11 19:33:08,960 [INFO] app: myerrors logger is activated
2022-05-11 19:33:09,154 [INFO] app: myerrors logger is activated
2022-05-11 19:33:09,334 [INFO] app: myerrors logger is activated
2022-05-11 19:33:09,627 [INFO] app: myerrors logger is activated
2022-05-11 19:33:09,883 [INFO] app: myerrors logger is activated
2022-05-11 19:33:09,948 [INFO] app: myerrors logger is activated
2022-05-11 19:33:10,126 [INFO] app: myerrors logger is activated
2022-05-11 19:33:10,314 [INFO] app: myerrors logger is activated
2022-05-11 19:33:10,496 [INFO] app: myerrors logger is activated
2022-05-11 19:33:10,668 [INFO] app: myerrors logger is activated
2022-05-11 19:33:10,831 [INFO] app: myerrors logger is activated
2022-05-11 19:33:38,651 [INFO] app: myerrors logger is activated
2022-05-11 19:33:38,831 [INFO] app: myerrors logger is activated
2022-05-11 19:33:39,134 [INFO] app: myerrors logger is activated
2022-05-11 19:33:39,296 [INFO] app: myerrors logger is activated
2022-05-11 19:33:39,468 [INFO] app: myerrors logger is activated
2022-05-11 19:33:39,758 [INFO] app: myerrors logger is activated
2022-05-11 19:33:40,001 [INFO] app: myerrors logger is activated
2022-05-11 19:33:40,063 [INFO] app: myerrors logger is activated
2022-05-11 19:33:40,235 [INFO] app: myerrors logger is activated
2022-05-11 19:33:40,414 [INFO] app: myerrors logger is activated
2022-05-11 19:33:40,579 [INFO] app: myerrors logger is activated
2022-05-11 19:33:40,758 [INFO] app: myerrors logger is activated
2022-05-11 19:33:40,950 [INFO] app: myerrors logger is activated
2022-05-11 19:33:51,900 [INFO] app: myerrors logger is activated
2022-05-11 19:33:52,080 [INFO] app: myerrors logger is activated
2022-05-11 19:33:52,362 [INFO] app: myerrors logger is activated
2022-05-11 19:33:52,534 [INFO] app: myerrors logger is activated
2022-05-11 19:33:52,700 [INFO] app: myerrors logger is activated
2022-05-11 19:33:53,000 [INFO] app: myerrors logger is activated
2022-05-11 19:33:53,236 [INFO] app: myerrors logger is activated
2022-05-11 19:33:53,297 [INFO] app: myerrors logger is activated
2022-05-11 19:33:53,465 [INFO] app: myerrors logger is activated
2022-05-11 19:33:53,641 [INFO] app: myerrors logger is activated
2022-05-11 19:33:53,808 [INFO] app: myerrors logger is activated
2022-05-11 19:33:53,965 [INFO] app: myerrors logger is activated
2022-05-11 19:33:54,143 [INFO] app: myerrors logger is activated
2022-05-11 19:34:41,077 [INFO] app: myerrors logger is activated
2022-05-11 19:34:41,266 [INFO] app: myerrors logger is activated
2022-05-11 19:34:41,562 [INFO] app: myerrors logger is activated
2022-05-11 19:34:41,732 [INFO] app: myerrors logger is activated
2022-05-11 19:34:41,923 [INFO] app: myerrors logger is activated
2022-05-11 19:34:42,211 [INFO] app: myerrors logger is activated
2022-05-11 19:34:42,451 [INFO] app: myerrors logger is activated
2022-05-11 19:34:42,514 [INFO] app: myerrors logger is activated
2022-05-11 19:34:42,690 [INFO] app: myerrors logger is activated
2022-05-11 19:34:42,866 [INFO] app: myerrors logger is activated
2022-05-11 19:34:43,039 [INFO] app: myerrors logger is activated
2022-05-11 19:34:43,200 [INFO] app: myerrors logger is activated
2022-05-11 19:34:43,377 [INFO] app: myerrors logger is activated
2022-05-11 19:42:16,537 [INFO] app: myerrors logger is activated
2022-05-11 19:42:16,964 [INFO] app: myerrors logger is activated
2022-05-11 19:42:17,263 [INFO] app: myerrors logger is activated
2022-05-11 19:42:17,437 [INFO] app: myerrors logger is activated
2022-05-11 19:42:17,615 [INFO] app: myerrors logger is activated
2022-05-11 19:42:17,918 [INFO] app: myerrors logger is activated
2022-05-11 19:42:18,160 [INFO] app: myerrors logger is activated
2022-05-11 19:42:18,225 [INFO] app: myerrors logger is activated
2022-05-11 19:42:18,405 [INFO] app: myerrors logger is activated
2022-05-11 19:42:18,582 [INFO] app: myerrors logger is activated
2022-05-11 19:42:18,765 [INFO] app: myerrors logger is activated
2022-05-11 19:42:18,943 [INFO] app: myerrors logger is activated
2022-05-11 19:42:19,123 [INFO] app: myerrors logger is activated
2022-05-11 19:44:23,607 [INFO] app: myerrors logger is activated
2022-05-11 19:44:23,789 [INFO] app: myerrors logger is activated
2022-05-11 19:44:24,141 [INFO] app: myerrors logger is activated
2022-05-11 19:44:24,334 [INFO] app: myerrors logger is activated
2022-05-11 19:44:24,505 [INFO] app: myerrors logger is activated
2022-05-11 19:44:24,799 [INFO] app: myerrors logger is activated
2022-05-11 19:44:25,042 [INFO] app: myerrors logger is activated
2022-05-11 19:44:25,107 [INFO] app: myerrors logger is activated
2022-05-11 19:44:25,290 [INFO] app: myerrors logger is activated
2022-05-11 19:44:25,468 [INFO] app: myerrors logger is activated
2022-05-11 19:44:25,638 [INFO] app: myerrors logger is activated
2022-05-11 19:44:25,806 [INFO] app: myerrors logger is activated
2022-05-11 19:44:25,974 [INFO] app: myerrors logger is activated
2022-05-11 19:45:49,651 [INFO] app: myerrors logger is activated
2022-05-11 19:45:49,826 [INFO] app: myerrors logger is activated
2022-05-11 19:45:50,115 [INFO] app: myerrors logger is activated
2022-05-11 19:45:50,293 [INFO] app: myerrors logger is activated
2022-05-11 19:45:50,466 [INFO] app: myerrors logger is activated
2022-05-11 19:45:50,757 [INFO] app: myerrors logger is activated
2022-05-11 19:45:50,987 [INFO] app: myerrors logger is activated
2022-05-11 19:45:51,046 [INFO] app: myerrors logger is activated
2022-05-11 19:45:51,218 [INFO] app: myerrors logger is activated
2022-05-11 19:45:51,401 [INFO] app: myerrors logger is activated
2022-05-11 19:45:51,576 [INFO] app: myerrors logger is activated
2022-05-11 19:45:51,782 [INFO] app: myerrors logger is activated
2022-05-11 19:45:51,972 [INFO] app: myerrors logger is activated
2022-05-11 19:46:27,612 [INFO] app: myerrors logger is activated
2022-05-11 19:46:27,810 [INFO] app: myerrors logger is activated
2022-05-11 19:46:28,098 [INFO] app: myerrors logger is activated
2022-05-11 19:46:28,275 [INFO] app: myerrors logger is activated
2022-05-11 19:46:28,448 [INFO] app: myerrors logger is activated
2022-05-11 19:46:28,735 [INFO] app: myerrors logger is activated
2022-05-11 19:46:28,968 [INFO] app: myerrors logger is activated
2022-05-11 19:46:29,030 [INFO] app: myerrors logger is activated
2022-05-11 19:46:29,210 [INFO] app: myerrors logger is activated
2022-05-11 19:46:29,394 [INFO] app: myerrors logger is activated
2022-05-11 19:46:29,558 [INFO] app: myerrors logger is activated
2022-05-11 19:46:29,723 [INFO] app: myerrors logger is activated
2022-05-11 19:46:30,177 [INFO] app: myerrors logger is activated
2022-05-11 19:47:51,387 [INFO] app: myerrors logger is activated
2022-05-11 19:49:24,614 [INFO] app: myerrors logger is activated
2022-05-11 19:49:24,817 [INFO] app: myerrors logger is activated
2022-05-11 19:49:25,102 [INFO] app: myerrors logger is activated
2022-05-11 19:49:25,267 [INFO] app: myerrors logger is activated
2022-05-11 19:49:25,453 [INFO] app: myerrors logger is activated
2022-05-11 19:49:25,729 [INFO] app: myerrors logger is activated
2022-05-11 19:49:25,961 [INFO] app: myerrors logger is activated
2022-05-11 19:49:26,026 [INFO] app: myerrors logger is activated
2022-05-11 19:49:26,200 [INFO] app: myerrors logger is activated
2022-05-11 19:49:26,364 [INFO] app: myerrors logger is activated
2022-05-11 19:49:26,534 [INFO] app: myerrors logger is activated
2022-05-11 19:49:26,700 [INFO] app: myerrors logger is activated
2022-05-11 19:49:26,867 [INFO] app: myerrors logger is activated
2022-05-11 19:50:58,722 [INFO] app: myerrors logger is activated
2022-05-11 19:50:58,916 [INFO] app: myerrors logger is activated
2022-05-11 19:50:59,218 [INFO] app: myerrors logger is activated
2022-05-11 19:50:59,383 [INFO] app: myerrors logger is activated
2022-05-11 19:50:59,561 [INFO] app: myerrors logger is activated
2022-05-11 19:50:59,842 [INFO] app: myerrors logger is activated
2022-05-11 19:51:00,087 [INFO] app: myerrors logger is activated
2022-05-11 19:51:00,148 [INFO] app: myerrors logger is activated
2022-05-11 19:51:00,325 [INFO] app: myerrors logger is activated
2022-05-11 19:51:00,496 [INFO] app: myerrors logger is activated
2022-05-11 19:51:00,670 [INFO] app: myerrors logger is activated
2022-05-11 19:51:00,840 [INFO] app: myerrors logger is activated
2022-05-11 19:51:01,017 [INFO] app: myerrors logger is activated
2022-05-11 19:53:41,160 [INFO] app: myerrors logger is activated
2022-05-11 19:53:41,346 [INFO] app: myerrors logger is activated
2022-05-11 19:53:41,652 [INFO] app: myerrors logger is activated
2022-05-11 19:53:41,818 [INFO] app: myerrors logger is activated
2022-05-11 19:53:41,992 [INFO] app: myerrors logger is activated
2022-05-11 19:53:42,283 [INFO] app: myerrors logger is activated
2022-05-11 19:53:42,742 [INFO] app: myerrors logger is activated
2022-05-11 19:53:42,803 [INFO] app: myerrors logger is activated
2022-05-11 19:53:42,981 [INFO] app: myerrors logger is activated
2022-05-11 19:53:43,148 [INFO] app: myerrors logger is activated
2022-05-11 19:53:43,328 [INFO] app: myerrors logger is activated
2022-05-11 19:53:43,520 [INFO] app: myerrors logger is activated
2022-05-11 19:53:43,952 [INFO] app: myerrors logger is activated
2022-05-11 19:59:41,573 [INFO] app: myerrors logger is activated
2022-05-11 19:59:41,767 [INFO] app: myerrors logger is activated
2022-05-11 19:59:42,059 [INFO] app: myerrors logger is activated
2022-05-11 19:59:42,239 [INFO] app: myerrors logger is activated
2022-05-11 19:59:42,416 [INFO] app: myerrors logger is activated
2022-05-11 19:59:42,705 [INFO] app: myerrors logger is activated
2022-05-11 19:59:42,956 [INFO] app: myerrors logger is activated
2022-05-11 19:59:43,020 [INFO] app: myerrors logger is activated
2022-05-11 19:59:43,195 [INFO] app: myerrors logger is activated
2022-05-11 19:59:43,397 [INFO] app: myerrors logger is activated
2022-05-11 19:59:43,583 [INFO] app: myerrors logger is activated
2022-05-11 19:59:43,770 [INFO] app: myerrors logger is activated
2022-05-11 19:59:43,955 [INFO] app: myerrors logger is activated
2022-05-11 20:01:54,698 [INFO] app: myerrors logger is activated
2022-05-11 20:01:54,889 [INFO] app: myerrors logger is activated
2022-05-11 20:01:55,191 [INFO] app: myerrors logger is activated
2022-05-11 20:01:55,379 [INFO] app: myerrors logger is activated
2022-05-11 20:01:55,561 [INFO] app: myerrors logger is activated
2022-05-11 20:01:55,859 [INFO] app: myerrors logger is activated
2022-05-11 20:01:56,099 [INFO] app: myerrors logger is activated
2022-05-11 20:01:56,167 [INFO] app: myerrors logger is activated
2022-05-11 20:01:56,385 [INFO] app: myerrors logger is activated
2022-05-11 20:01:56,584 [INFO] app: myerrors logger is activated
2022-05-11 20:01:56,772 [INFO] app: myerrors logger is activated
2022-05-11 20:01:56,944 [INFO] app: myerrors logger is activated
2022-05-11 20:01:57,127 [INFO] app: myerrors logger is activated
2022-05-11 20:02:32,023 [INFO] app: myerrors logger is activated
2022-05-11 20:02:32,215 [INFO] app: myerrors logger is activated
2022-05-11 20:02:32,509 [INFO] app: myerrors logger is activated
2022-05-11 20:02:32,690 [INFO] app: myerrors logger is activated
2022-05-11 20:02:32,867 [INFO] app: myerrors logger is activated
2022-05-11 20:02:33,161 [INFO] app: myerrors logger is activated
2022-05-11 20:02:33,408 [INFO] app: myerrors logger is activated
2022-05-11 20:02:33,472 [INFO] app: myerrors logger is activated
2022-05-11 20:02:33,649 [INFO] app: myerrors logger is activated
2022-05-11 20:02:33,819 [INFO] app: myerrors logger is activated
2022-05-11 20:02:33,993 [INFO] app: myerrors logger is activated
2022-05-11 20:02:34,162 [INFO] app: myerrors logger is activated
2022-05-11 20:02:34,334 [INFO] app: myerrors logger is activated
2022-05-11 20:04:04,905 [INFO] app: myerrors logger is activated
2022-05-11 20:04:05,082 [INFO] app: myerrors logger is activated
2022-05-11 20:04:05,357 [INFO] app: myerrors logger is activated
2022-05-11 20:04:05,525 [INFO] app: myerrors logger is activated
2022-05-11 20:04:05,694 [INFO] app: myerrors logger is activated
2022-05-11 20:04:05,984 [INFO] app: myerrors logger is activated
2022-05-11 20:04:06,237 [INFO] app: myerrors logger is activated
2022-05-11 20:04:06,295 [INFO] app: myerrors logger is activated
2022-05-11 20:04:06,466 [INFO] app: myerrors logger is activated
2022-05-11 20:04:06,636 [INFO] app: myerrors logger is activated
2022-05-11 20:04:06,799 [INFO] app: myerrors logger is activated
2022-05-11 20:04:06,965 [INFO] app: myerrors logger is activated
2022-05-11 20:04:07,127 [INFO] app: myerrors logger is activated
2022-05-11 20:12:22,636 [INFO] app: myerrors logger is activated
2022-05-11 20:12:22,839 [INFO] app: myerrors logger is activated
2022-05-11 20:12:23,140 [INFO] app: myerrors logger is activated
2022-05-11 20:12:23,317 [INFO] app: myerrors logger is activated
2022-05-11 20:12:23,493 [INFO] app: myerrors logger is activated
2022-05-11 20:12:23,800 [INFO] app: myerrors logger is activated
2022-05-11 20:12:24,036 [INFO] app: myerrors logger is activated
2022-05-11 20:12:24,101 [INFO] app: myerrors logger is activated
2022-05-11 20:12:24,280 [INFO] app: myerrors logger is activated
2022-05-11 20:12:24,453 [INFO] app: myerrors logger is activated
2022-05-11 20:12:24,633 [INFO] app: myerrors logger is activated
2022-05-11 20:12:24,810 [INFO] app: myerrors logger is activated
2022-05-11 20:12:24,985 [INFO] app: myerrors logger is activated
2022-05-11 20:19:44,469 [INFO] app: myerrors logger is activated
2022-05-11 20:19:44,685 [INFO] app: myerrors logger is activated
2022-05-11 20:19:45,000 [INFO] app: myerrors logger is activated
2022-05-11 20:19:45,196 [INFO] app: myerrors logger is activated
2022-05-11 20:19:45,371 [INFO] app: myerrors logger is activated
2022-05-11 20:19:45,680 [INFO] app: myerrors logger is activated
2022-05-11 20:19:45,938 [INFO] app: myerrors logger is activated
2022-05-11 20:19:46,003 [INFO] app: myerrors logger is activated
2022-05-11 20:19:46,189 [INFO] app: myerrors logger is activated
2022-05-11 20:19:46,364 [INFO] app: myerrors logger is activated
2022-05-11 20:19:46,541 [INFO] app: myerrors logger is activated
2022-05-11 20:19:46,720 [INFO] app: myerrors logger is activated
2022-05-11 20:19:46,899 [INFO] app: myerrors logger is activated
2022-05-11 20:20:25,057 [INFO] app: myerrors logger is activated
2022-05-11 20:20:25,247 [INFO] app: myerrors logger is activated
2022-05-11 20:20:25,556 [INFO] app: myerrors logger is activated
2022-05-11 20:20:25,738 [INFO] app: myerrors logger is activated
2022-05-11 20:20:25,938 [INFO] app: myerrors logger is activated
2022-05-11 20:20:26,246 [INFO] app: myerrors logger is activated
2022-05-11 20:20:26,491 [INFO] app: myerrors logger is activated
2022-05-11 20:20:26,560 [INFO] app: myerrors logger is activated
2022-05-11 20:20:26,754 [INFO] app: myerrors logger is activated
2022-05-11 20:20:26,937 [INFO] app: myerrors logger is activated
2022-05-11 20:20:27,119 [INFO] app: myerrors logger is activated
2022-05-11 20:20:27,292 [INFO] app: myerrors logger is activated
2022-05-11 20:20:27,464 [INFO] app: myerrors logger is activated
2022-05-11 20:21:39,247 [INFO] app: myerrors logger is activated
2022-05-11 20:21:39,461 [INFO] app: myerrors logger is activated
2022-05-11 20:21:39,775 [INFO] app: myerrors logger is activated
2022-05-11 20:21:39,956 [INFO] app: myerrors logger is activated
2022-05-11 20:21:40,154 [INFO] app: myerrors logger is activated
2022-05-11 20:21:40,447 [INFO] app: myerrors logger is activated
2022-05-11 20:21:40,683 [INFO] app: myerrors logger is activated
2022-05-11 20:21:40,754 [INFO] app: myerrors logger is activated
2022-05-11 20:21:40,943 [INFO] app: myerrors logger is activated
2022-05-11 20:21:41,123 [INFO] app: myerrors logger is activated
2022-05-11 20:21:41,303 [INFO] app: myerrors logger is activated
2022-05-11 20:21:41,478 [INFO] app: myerrors logger is activated
2022-05-11 20:21:41,663 [INFO] app: myerrors logger is activated
2022-05-11 20:28:01,984 [INFO] app: myerrors logger is activated
2022-05-11 20:28:02,177 [INFO] app: myerrors logger is activated
2022-05-11 20:28:02,480 [INFO] app: myerrors logger is activated
2022-05-11 20:28:02,658 [INFO] app: myerrors logger is activated
2022-05-11 20:28:02,845 [INFO] app: myerrors logger is activated
2022-05-11 20:28:03,159 [INFO] app: myerrors logger is activated
2022-05-11 20:28:03,413 [INFO] app: myerrors logger is activated
2022-05-11 20:28:03,481 [INFO] app: myerrors logger is activated
2022-05-11 20:28:03,675 [INFO] app: myerrors logger is activated
2022-05-11 20:28:03,852 [INFO] app: myerrors logger is activated
2022-05-11 20:28:04,026 [INFO] app: myerrors logger is activated
2022-05-11 20:28:04,203 [INFO] app: myerrors logger is activated
2022-05-11 20:28:04,380 [INFO] app: myerrors logger is activated
2022-05-11 20:38:23,438 [INFO] app: myerrors logger is activated
2022-05-11 20:38:23,623 [INFO] app: myerrors logger is activated
2022-05-11 20:38:23,932 [INFO] app: myerrors logger is activated
2022-05-11 20:38:24,106 [INFO] app: myerrors logger is activated
2022-05-11 20:38:24,280 [INFO] app: myerrors logger is activated
2022-05-11 20:38:24,587 [INFO] app: myerrors logger is activated
2022-05-11 20:38:24,839 [INFO] app: myerrors logger is activated
2022-05-11 20:38:24,904 [INFO] app: myerrors logger is activated
2022-05-11 20:38:25,098 [INFO] app: myerrors logger is activated
2022-05-11 20:38:25,283 [INFO] app: myerrors logger is activated
2022-05-11 20:38:25,463 [INFO] app: myerrors logger is activated
2022-05-11 20:38:25,640 [INFO] app: myerrors logger is activated
2022-05-11 20:38:25,831 [INFO] app: myerrors logger is activated
2022-05-11 20:38:47,946 [INFO] app: myerrors logger is activated
2022-05-11 20:38:48,131 [INFO] app: myerrors logger is activated
2022-05-11 20:38:48,431 [INFO] app: myerrors logger is activated
2022-05-11 20:38:48,609 [INFO] app: myerrors logger is activated
2022-05-11 20:38:48,780 [INFO] app: myerrors logger is activated
2022-05-11 20:38:49,075 [INFO] app: myerrors logger is activated
2022-05-11 20:38:49,317 [INFO] app: myerrors logger is activated
2022-05-11 20:38:49,389 [INFO] app: myerrors logger is activated
2022-05-11 20:38:49,571 [INFO] app: myerrors logger is activated
2022-05-11 20:38:49,752 [INFO] app: myerrors logger is activated
2022-05-11 20:38:49,929 [INFO] app: myerrors logger is activated
2022-05-11 20:38:50,109 [INFO] app: myerrors logger is activated
2022-05-11 20:38:50,285 [INFO] app: myerrors logger is activated
2022-05-11 20:39:42,345 [INFO] app: myerrors logger is activated
2022-05-11 20:39:42,535 [INFO] app: myerrors logger is activated
2022-05-11 20:39:42,847 [INFO] app: myerrors logger is activated
2022-05-11 20:39:43,030 [INFO] app: myerrors logger is activated
2022-05-11 20:39:43,211 [INFO] app: myerrors logger is activated
2022-05-11 20:39:43,544 [INFO] app: myerrors logger is activated
2022-05-11 20:39:43,785 [INFO] app: myerrors logger is activated
2022-05-11 20:39:43,852 [INFO] app: myerrors logger is activated
2022-05-11 20:39:44,037 [INFO] app: myerrors logger is activated
2022-05-11 20:39:44,222 [INFO] app: myerrors logger is activated
2022-05-11 20:39:44,417 [INFO] app: myerrors logger is activated
2022-05-11 20:39:44,600 [INFO] app: myerrors logger is activated
2022-05-11 20:39:44,784 [INFO] app: myerrors logger is activated
2022-05-11 20:42:24,444 [INFO] app: myerrors logger is activated
2022-05-11 20:42:24,628 [INFO] app: myerrors logger is activated
2022-05-11 20:42:24,925 [INFO] app: myerrors logger is activated
2022-05-11 20:42:25,109 [INFO] app: myerrors logger is activated
2022-05-11 20:42:25,293 [INFO] app: myerrors logger is activated
2022-05-11 20:42:25,577 [INFO] app: myerrors logger is activated
2022-05-11 20:42:25,818 [INFO] app: myerrors logger is activated
2022-05-11 20:42:25,885 [INFO] app: myerrors logger is activated
2022-05-11 20:42:26,060 [INFO] app: myerrors logger is activated
2022-05-11 20:42:26,237 [INFO] app: myerrors logger is activated
2022-05-11 20:42:26,416 [INFO] app: myerrors logger is activated
2022-05-11 20:42:26,592 [INFO] app: myerrors logger is activated
2022-05-11 20:42:26,765 [INFO] app: myerrors logger is activated
2022-05-11 20:43:35,647 [INFO] app: myerrors logger is activated
2022-05-11 20:43:35,843 [INFO] app: myerrors logger is activated
2022-05-11 20:43:36,165 [INFO] app: myerrors logger is activated
2022-05-11 20:43:36,345 [INFO] app: myerrors logger is activated
2022-05-11 20:43:36,529 [INFO] app: myerrors logger is activated
2022-05-11 20:43:36,825 [INFO] app: myerrors logger is activated
2022-05-11 20:43:37,091 [INFO] app: myerrors logger is activated
2022-05-11 20:43:37,162 [INFO] app: myerrors logger is activated
2022-05-11 20:43:37,374 [INFO] app: myerrors logger is activated
2022-05-11 20:43:37,558 [INFO] app: myerrors logger is activated
2022-05-11 20:43:37,746 [INFO] app: myerrors logger is activated
2022-05-11 20:43:37,943 [INFO] app: myerrors logger is activated
2022-05-11 20:43:38,128 [INFO] app: myerrors logger is activated
2022-05-11 20:46:12,329 [INFO] app: myerrors logger is activated
2022-05-11 20:47:31,675 [INFO] app: myerrors logger is activated
2022-05-11 20:48:53,595 [INFO] app: myerrors logger is activated
2022-05-11 20:50:38,596 [INFO] app: myerrors logger is activated
2022-05-11 20:52:20,279 [INFO] app: myerrors logger is activated
2022-05-11 20:53:04,994 [INFO] app: myerrors logger is activated
2022-05-11 20:58:38,257 [INFO] app: myerrors logger is activated
2022-05-11 21:17:08,752 [INFO] app: myerrors logger is activated
2022-05-11 21:17:38,663 [INFO] app: myerrors logger is activated
2022-05-11 21:19:55,657 [INFO] app: myerrors logger is activated
2022-05-11 21:22:38,989 [INFO] app: myerrors logger is activated
2022-05-11 21:24:43,223 [INFO] app: myerrors logger is activated
2022-05-11 21:24:43,324 [INFO] app: 	-- 28 Transaction(s) Uploaded by <User 'kellyannwu@gmail.com'>. Check myApp.log --
2022-05-11 21:24:43,336 [INFO] app: current user bal: 10601.0
2022-05-11 21:25:42,859 [INFO] app: Browse page loading
2022-05-11 21:36:28,533 [INFO] app: myerrors logger is activated
2022-05-11 21:36:28,723 [INFO] app: myerrors logger is activated
2022-05-11 21:36:29,244 [INFO] app: myerrors logger is activated
2022-05-11 21:36:29,653 [INFO] app: myerrors logger is activated
2022-05-11 21:36:29,833 [INFO] app: myerrors logger is activated
2022-05-11 21:36:30,133 [INFO] app: myerrors logger is activated
2022-05-11 21:36:30,361 [INFO] app: myerrors logger is activated
2022-05-11 21:36:30,419 [INFO] app: myerrors logger is activated
2022-05-11 21:36:30,601 [INFO] app: myerrors logger is activated
2022-05-11 21:36:30,779 [INFO] app: myerrors logger is activated
2022-05-11 21:36:30,953 [INFO] app: myerrors logger is activated
2022-05-11 21:36:31,127 [INFO] app: myerrors logger is activated
2022-05-11 21:36:31,299 [INFO] app: myerrors logger is activated
2022-05-11 21:37:05,639 [INFO] app: myerrors logger is activated
2022-05-11 21:37:05,829 [INFO] app: myerrors logger is activated
2022-05-11 21:37:06,288 [INFO] app: myerrors logger is activated
2022-05-11 21:37:06,691 [INFO] app: myerrors logger is activated
2022-05-11 21:37:06,863 [INFO] app: myerrors logger is activated
2022-05-11 21:37:07,126 [INFO] app: myerrors logger is activated
2022-05-11 21:37:07,391 [INFO] app: myerrors logger is activated
2022-05-11 21:37:07,453 [INFO] app: myerrors logger is activated
2022-05-11 21:37:07,632 [INFO] app: myerrors logger is activated
2022-05-11 21:37:07,808 [INFO] app: myerrors logger is activated
2022-05-11 21:37:07,992 [INFO] app: myerrors logger is activated
2022-05-11 21:37:08,161 [INFO] app: myerrors logger is activated
2022-05-11 21:37:08,334 [INFO] app: myerrors logger is activated
2022-05-11 21:37:14,654 [INFO] app: myerrors logger is activated
2022-05-11 21:37:14,845 [INFO] app: myerrors logger is activated
2022-05-11 21:37:15,344 [INFO] app: myerrors logger is activated
2022-05-11 21:37:15,513 [INFO] app: myerrors logger is activated
2022-05-11 21:37:15,680 [INFO] app: myerrors logger is activated
2022-05-11 21:37:15,973 [INFO] app: myerrors logger is activated
2022-05-11 21:37:16,218 [INFO] app: myerrors logger is activated
2022-05-11 21:37:16,286 [INFO] app: myerrors logger is activated
2022-05-11 21:37:16,474 [INFO] app: myerrors logger is activated
2022-05-11 21:37:16,653 [INFO] app: myerrors logger is activated
2022-05-11 21:37:16,824 [INFO] app: myerrors logger is activated
2022-05-11 21:37:16,998 [INFO] app: myerrors logger is activated
2022-05-11 21:37:17,182 [INFO] app: myerrors logger is activated
2022-05-11 21:38:06,429 [INFO] app: myerrors logger is activated
2022-05-11 21:38:06,607 [INFO] app: myerrors logger is activated
2022-05-11 21:38:09,311 [INFO] app: myerrors logger is activated
2022-05-11 21:38:09,492 [INFO] app: myerrors logger is activated
2022-05-11 21:38:09,671 [INFO] app: myerrors logger is activated
2022-05-11 21:38:09,959 [INFO] app: myerrors logger is activated
2022-05-11 21:38:12,289 [INFO] app: myerrors logger is activated
2022-05-11 21:38:12,358 [INFO] app: myerrors logger is activated
2022-05-11 21:38:12,544 [INFO] app: myerrors logger is activated
2022-05-11 21:38:12,707 [INFO] app: myerrors logger is activated
2022-05-11 21:38:12,875 [INFO] app: myerrors logger is activated
2022-05-11 21:38:13,056 [INFO] app: myerrors logger is activated
2022-05-11 21:38:13,230 [INFO] app: myerrors logger is activated
2022-05-12 01:58:39,178 [INFO] app: myerrors logger is activated
2022-05-12 02:02:40,569 [INFO] app: 	-- 28 Transaction(s) Uploaded by <User 'user@gmail.com'>. Check myApp.log --
2022-05-12 02:02:40,589 [INFO] app: current user bal: 10601.0
2022-05-12 02:08:10,823 [INFO] app: myerrors logger is activated
2022-05-12 02:08:11,171 [INFO] app: myerrors logger is activated
2022-05-12 02:08:11,824 [INFO] app: myerrors logger is activated
2022-05-12 02:08:12,168 [INFO] app: myerrors logger is activated
2022-05-12 02:08:12,479 [INFO] app: myerrors logger is activated
2022-05-12 02:08:12,946 [INFO] app: myerrors logger is activated
2022-05-12 02:08:13,275 [INFO] app: myerrors logger is activated
2022-05-12 02:08:13,358 [INFO] app: myerrors logger is activated
2022-05-12 02:08:13,562 [INFO] app: myerrors logger is activated
2022-05-12 02:08:14,035 [INFO] app: myerrors logger is activated
2022-05-12 02:08:14,211 [INFO] app: myerrors logger is activated
2022-05-12 02:08:14,583 [INFO] app: myerrors logger is activated
2022-05-12 02:08:14,832 [INFO] app: myerrors logger is activated
2022-05-12 02:09:43,647 [INFO] app: myerrors logger is activated
2022-05-12 02:09:44,910 [INFO] app: myerrors logger is activated
2022-05-12 02:09:45,464 [INFO] app: myerrors logger is activated
2022-05-12 02:09:45,743 [INFO] app: myerrors logger is activated
2022-05-12 02:09:46,049 [INFO] app: myerrors logger is activated
2022-05-12 02:09:46,595 [INFO] app: myerrors logger is activated
2022-05-12 02:09:47,011 [INFO] app: myerrors logger is activated
2022-05-12 02:09:47,131 [INFO] app: myerrors logger is activated
2022-05-12 02:09:47,511 [INFO] app: myerrors logger is activated
2022-05-12 02:09:47,823 [INFO] app: myerrors logger is activated
2022-05-12 02:09:48,110 [INFO] app: myerrors logger is activated
2022-05-12 02:09:48,340 [INFO] app: myerrors logger is activated
2022-05-12 02:09:48,574 [INFO] app: myerrors logger is activated
