2022-05-11 19:10:17,992 [INFO] myApp: My App Logger
2022-05-11 19:10:18,646 [INFO] myApp: My App Logger
2022-05-11 19:10:19,132 [INFO] myApp: My App Logger
2022-05-11 19:10:19,571 [INFO] myApp: My App Logger
2022-05-11 19:10:20,023 [INFO] myApp: My App Logger
2022-05-11 19:10:20,557 [INFO] myApp: My App Logger
2022-05-11 19:10:20,636 [INFO] myApp: My App Logger
2022-05-11 19:10:21,106 [INFO] myApp: My App Logger
2022-05-11 19:10:21,528 [INFO] myApp: My App Logger
2022-05-11 19:10:21,901 [INFO] myApp: My App Logger
2022-05-11 19:10:22,339 [INFO] myApp: My App Logger
2022-05-11 19:15:53,174 [INFO] myApp: My App Logger
2022-05-11 19:15:53,363 [INFO] myApp: My App Logger
2022-05-11 19:15:53,657 [INFO] myApp: My App Logger
2022-05-11 19:15:53,834 [INFO] myApp: My App Logger
2022-05-11 19:15:54,022 [INFO] myApp: My App Logger
2022-05-11 19:15:54,496 [INFO] myApp: My App Logger
2022-05-11 19:15:54,579 [INFO] myApp: My App Logger
2022-05-11 19:15:54,760 [INFO] myApp: My App Logger
2022-05-11 19:15:54,939 [INFO] myApp: My App Logger
2022-05-11 19:15:55,111 [INFO] myApp: My App Logger
2022-05-11 19:15:55,288 [INFO] myApp: My App Logger
2022-05-11 19:16:09,668 [INFO] myApp: My App Logger
2022-05-11 19:23:32,325 [INFO] myApp: My App Logger
2022-05-11 19:23:32,498 [INFO] myApp: My App Logger
2022-05-11 19:23:32,797 [INFO] myApp: My App Logger
2022-05-11 19:23:32,970 [INFO] myApp: My App Logger
2022-05-11 19:23:33,146 [INFO] myApp: My App Logger
2022-05-11 19:23:33,643 [INFO] myApp: My App Logger
2022-05-11 19:23:33,724 [INFO] myApp: My App Logger
2022-05-11 19:23:33,888 [INFO] myApp: My App Logger
2022-05-11 19:23:34,058 [INFO] myApp: My App Logger
2022-05-11 19:23:34,235 [INFO] myApp: My App Logger
2022-05-11 19:23:34,407 [INFO] myApp: My App Logger
2022-05-11 19:27:03,683 [INFO] myApp: My App Logger
2022-05-11 19:27:03,880 [INFO] myApp: My App Logger
2022-05-11 19:27:04,169 [INFO] myApp: My App Logger
2022-05-11 19:27:04,348 [INFO] myApp: My App Logger
2022-05-11 19:27:04,526 [INFO] myApp: My App Logger
2022-05-11 19:27:05,018 [INFO] myApp: My App Logger
2022-05-11 19:27:05,099 [INFO] myApp: My App Logger
2022-05-11 19:27:05,263 [INFO] myApp: My App Logger
2022-05-11 19:27:05,437 [INFO] myApp: My App Logger
2022-05-11 19:27:05,616 [INFO] myApp: My App Logger
2022-05-11 19:27:05,795 [INFO] myApp: My App Logger
2022-05-11 19:27:06,038 [INFO] myApp: <User 'keith@webizly.com'>
2022-05-11 19:27:43,703 [INFO] myApp: My App Logger
2022-05-11 19:27:43,891 [INFO] myApp: My App Logger
2022-05-11 19:27:44,175 [INFO] myApp: My App Logger
2022-05-11 19:27:44,340 [INFO] myApp: My App Logger
2022-05-11 19:27:44,509 [INFO] myApp: My App Logger
2022-05-11 19:27:44,992 [INFO] myApp: My App Logger
2022-05-11 19:27:45,076 [INFO] myApp: My App Logger
2022-05-11 19:27:45,249 [INFO] myApp: My App Logger
2022-05-11 19:27:45,411 [INFO] myApp: My App Logger
2022-05-11 19:27:45,575 [INFO] myApp: My App Logger
2022-05-11 19:27:45,755 [INFO] myApp: My App Logger
2022-05-11 19:28:42,119 [INFO] myApp: My App Logger
2022-05-11 19:28:42,309 [INFO] myApp: My App Logger
2022-05-11 19:28:42,628 [INFO] myApp: My App Logger
2022-05-11 19:28:42,804 [INFO] myApp: My App Logger
2022-05-11 19:28:42,972 [INFO] myApp: My App Logger
2022-05-11 19:28:43,455 [INFO] myApp: My App Logger
2022-05-11 19:28:43,536 [INFO] myApp: My App Logger
2022-05-11 19:28:43,709 [INFO] myApp: My App Logger
2022-05-11 19:28:43,879 [INFO] myApp: My App Logger
2022-05-11 19:28:44,050 [INFO] myApp: My App Logger
2022-05-11 19:28:44,224 [INFO] myApp: My App Logger
2022-05-11 19:30:15,083 [INFO] myApp: My App Logger
2022-05-11 19:30:15,270 [INFO] myApp: My App Logger
2022-05-11 19:30:15,562 [INFO] myApp: My App Logger
2022-05-11 19:30:15,740 [INFO] myApp: My App Logger
2022-05-11 19:30:15,916 [INFO] myApp: My App Logger
2022-05-11 19:30:16,385 [INFO] myApp: My App Logger
2022-05-11 19:30:16,473 [INFO] myApp: My App Logger
2022-05-11 19:30:16,651 [INFO] myApp: My App Logger
2022-05-11 19:30:16,839 [INFO] myApp: My App Logger
2022-05-11 19:30:17,013 [INFO] myApp: My App Logger
2022-05-11 19:30:17,215 [INFO] myApp: My App Logger
2022-05-11 19:30:17,375 [INFO] myApp: <User 'kaw42@njit.edu'>
2022-05-11 19:31:11,257 [INFO] myApp: My App Logger
2022-05-11 19:31:11,431 [INFO] myApp: My App Logger
2022-05-11 19:31:11,720 [INFO] myApp: My App Logger
2022-05-11 19:31:11,895 [INFO] myApp: My App Logger
2022-05-11 19:31:12,072 [INFO] myApp: My App Logger
2022-05-11 19:31:12,564 [INFO] myApp: My App Logger
2022-05-11 19:31:12,643 [INFO] myApp: My App Logger
2022-05-11 19:31:12,811 [INFO] myApp: My App Logger
2022-05-11 19:31:12,998 [INFO] myApp: My App Logger
2022-05-11 19:31:13,181 [INFO] myApp: My App Logger
2022-05-11 19:31:13,365 [INFO] myApp: My App Logger
2022-05-11 19:32:20,311 [INFO] myApp: My App Logger
2022-05-11 19:32:20,492 [INFO] myApp: My App Logger
2022-05-11 19:32:20,774 [INFO] myApp: My App Logger
2022-05-11 19:32:20,945 [INFO] myApp: My App Logger
2022-05-11 19:32:21,120 [INFO] myApp: My App Logger
2022-05-11 19:32:21,442 [INFO] myApp: My App Logger
2022-05-11 19:32:21,699 [INFO] myApp: My App Logger
2022-05-11 19:32:21,762 [INFO] myApp: My App Logger
2022-05-11 19:32:22,077 [INFO] myApp: My App Logger
2022-05-11 19:32:22,255 [INFO] myApp: My App Logger
2022-05-11 19:32:22,426 [INFO] myApp: My App Logger
2022-05-11 19:32:22,601 [INFO] myApp: My App Logger
2022-05-11 19:32:22,789 [INFO] myApp: My App Logger
2022-05-11 19:33:08,483 [INFO] myApp: My App Logger
2022-05-11 19:33:08,666 [INFO] myApp: My App Logger
2022-05-11 19:33:08,959 [INFO] myApp: My App Logger
2022-05-11 19:33:09,154 [INFO] myApp: My App Logger
2022-05-11 19:33:09,334 [INFO] myApp: My App Logger
2022-05-11 19:33:09,627 [INFO] myApp: My App Logger
2022-05-11 19:33:09,882 [INFO] myApp: My App Logger
2022-05-11 19:33:09,947 [INFO] myApp: My App Logger
2022-05-11 19:33:10,126 [INFO] myApp: My App Logger
2022-05-11 19:33:10,313 [INFO] myApp: My App Logger
2022-05-11 19:33:10,495 [INFO] myApp: My App Logger
2022-05-11 19:33:10,668 [INFO] myApp: My App Logger
2022-05-11 19:33:10,830 [INFO] myApp: My App Logger
2022-05-11 19:33:38,650 [INFO] myApp: My App Logger
2022-05-11 19:33:38,830 [INFO] myApp: My App Logger
2022-05-11 19:33:39,134 [INFO] myApp: My App Logger
2022-05-11 19:33:39,296 [INFO] myApp: My App Logger
2022-05-11 19:33:39,467 [INFO] myApp: My App Logger
2022-05-11 19:33:39,758 [INFO] myApp: My App Logger
2022-05-11 19:33:40,001 [INFO] myApp: My App Logger
2022-05-11 19:33:40,063 [INFO] myApp: My App Logger
2022-05-11 19:33:40,235 [INFO] myApp: My App Logger
2022-05-11 19:33:40,414 [INFO] myApp: My App Logger
2022-05-11 19:33:40,578 [INFO] myApp: My App Logger
2022-05-11 19:33:40,757 [INFO] myApp: My App Logger
2022-05-11 19:33:40,950 [INFO] myApp: My App Logger
2022-05-11 19:33:51,900 [INFO] myApp: My App Logger
2022-05-11 19:33:52,079 [INFO] myApp: My App Logger
2022-05-11 19:33:52,362 [INFO] myApp: My App Logger
2022-05-11 19:33:52,533 [INFO] myApp: My App Logger
2022-05-11 19:33:52,699 [INFO] myApp: My App Logger
2022-05-11 19:33:53,000 [INFO] myApp: My App Logger
2022-05-11 19:33:53,236 [INFO] myApp: My App Logger
2022-05-11 19:33:53,296 [INFO] myApp: My App Logger
2022-05-11 19:33:53,464 [INFO] myApp: My App Logger
2022-05-11 19:33:53,641 [INFO] myApp: My App Logger
2022-05-11 19:33:53,808 [INFO] myApp: My App Logger
2022-05-11 19:33:53,965 [INFO] myApp: My App Logger
2022-05-11 19:33:54,143 [INFO] myApp: My App Logger
2022-05-11 19:33:54,303 [INFO] myApp: <User 'kaw42@njit.edu'>
2022-05-11 19:34:41,076 [INFO] myApp: My App Logger
2022-05-11 19:34:41,266 [INFO] myApp: My App Logger
2022-05-11 19:34:41,561 [INFO] myApp: My App Logger
2022-05-11 19:34:41,731 [INFO] myApp: My App Logger
2022-05-11 19:34:41,923 [INFO] myApp: My App Logger
2022-05-11 19:34:42,210 [INFO] myApp: My App Logger
2022-05-11 19:34:42,450 [INFO] myApp: My App Logger
2022-05-11 19:34:42,513 [INFO] myApp: My App Logger
2022-05-11 19:34:42,690 [INFO] myApp: My App Logger
2022-05-11 19:34:42,866 [INFO] myApp: My App Logger
2022-05-11 19:34:43,039 [INFO] myApp: My App Logger
2022-05-11 19:34:43,200 [INFO] myApp: My App Logger
2022-05-11 19:34:43,377 [INFO] myApp: My App Logger
2022-05-11 19:42:16,536 [INFO] myApp: My App Logger
2022-05-11 19:42:16,963 [INFO] myApp: My App Logger
2022-05-11 19:42:17,262 [INFO] myApp: My App Logger
2022-05-11 19:42:17,436 [INFO] myApp: My App Logger
2022-05-11 19:42:17,614 [INFO] myApp: My App Logger
2022-05-11 19:42:17,918 [INFO] myApp: My App Logger
2022-05-11 19:42:18,160 [INFO] myApp: My App Logger
2022-05-11 19:42:18,224 [INFO] myApp: My App Logger
2022-05-11 19:42:18,404 [INFO] myApp: My App Logger
2022-05-11 19:42:18,582 [INFO] myApp: My App Logger
2022-05-11 19:42:18,765 [INFO] myApp: My App Logger
2022-05-11 19:42:18,943 [INFO] myApp: My App Logger
2022-05-11 19:42:19,123 [INFO] myApp: My App Logger
2022-05-11 19:44:23,606 [INFO] myApp: My App Logger
2022-05-11 19:44:23,789 [INFO] myApp: My App Logger
2022-05-11 19:44:24,140 [INFO] myApp: My App Logger
2022-05-11 19:44:24,334 [INFO] myApp: My App Logger
2022-05-11 19:44:24,504 [INFO] myApp: My App Logger
2022-05-11 19:44:24,799 [INFO] myApp: My App Logger
2022-05-11 19:44:25,042 [INFO] myApp: My App Logger
2022-05-11 19:44:25,106 [INFO] myApp: My App Logger
2022-05-11 19:44:25,290 [INFO] myApp: My App Logger
2022-05-11 19:44:25,467 [INFO] myApp: My App Logger
2022-05-11 19:44:25,638 [INFO] myApp: My App Logger
2022-05-11 19:44:25,806 [INFO] myApp: My App Logger
2022-05-11 19:44:25,974 [INFO] myApp: My App Logger
2022-05-11 19:45:49,651 [INFO] myApp: My App Logger
2022-05-11 19:45:49,826 [INFO] myApp: My App Logger
2022-05-11 19:45:50,115 [INFO] myApp: My App Logger
2022-05-11 19:45:50,292 [INFO] myApp: My App Logger
2022-05-11 19:45:50,465 [INFO] myApp: My App Logger
2022-05-11 19:45:50,757 [INFO] myApp: My App Logger
2022-05-11 19:45:50,986 [INFO] myApp: My App Logger
2022-05-11 19:45:51,046 [INFO] myApp: My App Logger
2022-05-11 19:45:51,217 [INFO] myApp: My App Logger
2022-05-11 19:45:51,401 [INFO] myApp: My App Logger
2022-05-11 19:45:51,576 [INFO] myApp: My App Logger
2022-05-11 19:45:51,780 [INFO] myApp: My App Logger
2022-05-11 19:45:51,971 [INFO] myApp: My App Logger
2022-05-11 19:45:52,140 [INFO] myApp: None
2022-05-11 19:46:27,611 [INFO] myApp: My App Logger
2022-05-11 19:46:27,809 [INFO] myApp: My App Logger
2022-05-11 19:46:28,097 [INFO] myApp: My App Logger
2022-05-11 19:46:28,274 [INFO] myApp: My App Logger
2022-05-11 19:46:28,448 [INFO] myApp: My App Logger
2022-05-11 19:46:28,734 [INFO] myApp: My App Logger
2022-05-11 19:46:28,968 [INFO] myApp: My App Logger
2022-05-11 19:46:29,029 [INFO] myApp: My App Logger
2022-05-11 19:46:29,210 [INFO] myApp: My App Logger
2022-05-11 19:46:29,393 [INFO] myApp: My App Logger
2022-05-11 19:46:29,558 [INFO] myApp: My App Logger
2022-05-11 19:46:29,723 [INFO] myApp: My App Logger
2022-05-11 19:46:30,177 [INFO] myApp: My App Logger
2022-05-11 19:46:30,345 [INFO] myApp: <User 'kaw42@njit.edu'>
2022-05-11 19:47:51,386 [INFO] myApp: My App Logger
2022-05-11 19:49:24,613 [INFO] myApp: My App Logger
2022-05-11 19:49:24,816 [INFO] myApp: My App Logger
2022-05-11 19:49:25,102 [INFO] myApp: My App Logger
2022-05-11 19:49:25,267 [INFO] myApp: My App Logger
2022-05-11 19:49:25,452 [INFO] myApp: My App Logger
2022-05-11 19:49:25,729 [INFO] myApp: My App Logger
2022-05-11 19:49:25,961 [INFO] myApp: My App Logger
2022-05-11 19:49:26,025 [INFO] myApp: My App Logger
2022-05-11 19:49:26,200 [INFO] myApp: My App Logger
2022-05-11 19:49:26,364 [INFO] myApp: My App Logger
2022-05-11 19:49:26,534 [INFO] myApp: My App Logger
2022-05-11 19:49:26,699 [INFO] myApp: My App Logger
2022-05-11 19:49:26,867 [INFO] myApp: My App Logger
2022-05-11 19:49:27,030 [INFO] myApp: <User 'kaw42@njit.edu'>
2022-05-11 19:50:58,721 [INFO] myApp: My App Logger
2022-05-11 19:50:58,916 [INFO] myApp: My App Logger
2022-05-11 19:50:59,218 [INFO] myApp: My App Logger
2022-05-11 19:50:59,383 [INFO] myApp: My App Logger
2022-05-11 19:50:59,561 [INFO] myApp: My App Logger
2022-05-11 19:50:59,842 [INFO] myApp: My App Logger
2022-05-11 19:51:00,087 [INFO] myApp: My App Logger
2022-05-11 19:51:00,148 [INFO] myApp: My App Logger
2022-05-11 19:51:00,325 [INFO] myApp: My App Logger
2022-05-11 19:51:00,496 [INFO] myApp: My App Logger
2022-05-11 19:51:00,670 [INFO] myApp: My App Logger
2022-05-11 19:51:00,839 [INFO] myApp: My App Logger
2022-05-11 19:51:01,016 [INFO] myApp: My App Logger
2022-05-11 19:53:41,159 [INFO] myApp: My App Logger
2022-05-11 19:53:41,346 [INFO] myApp: My App Logger
2022-05-11 19:53:41,652 [INFO] myApp: My App Logger
2022-05-11 19:53:41,818 [INFO] myApp: My App Logger
2022-05-11 19:53:41,991 [INFO] myApp: My App Logger
2022-05-11 19:53:42,283 [INFO] myApp: My App Logger
2022-05-11 19:53:42,742 [INFO] myApp: My App Logger
2022-05-11 19:53:42,803 [INFO] myApp: My App Logger
2022-05-11 19:53:42,980 [INFO] myApp: My App Logger
2022-05-11 19:53:43,148 [INFO] myApp: My App Logger
2022-05-11 19:53:43,328 [INFO] myApp: My App Logger
2022-05-11 19:53:43,519 [INFO] myApp: My App Logger
2022-05-11 19:53:43,952 [INFO] myApp: My App Logger
2022-05-11 19:53:44,117 [INFO] myApp: <User 'kaw42@njit.edu'>
2022-05-11 19:59:41,572 [INFO] myApp: My App Logger
2022-05-11 19:59:41,767 [INFO] myApp: My App Logger
2022-05-11 19:59:42,059 [INFO] myApp: My App Logger
2022-05-11 19:59:42,238 [INFO] myApp: My App Logger
2022-05-11 19:59:42,416 [INFO] myApp: My App Logger
2022-05-11 19:59:42,704 [INFO] myApp: My App Logger
2022-05-11 19:59:42,956 [INFO] myApp: My App Logger
2022-05-11 19:59:43,020 [INFO] myApp: My App Logger
2022-05-11 19:59:43,194 [INFO] myApp: My App Logger
2022-05-11 19:59:43,397 [INFO] myApp: My App Logger
2022-05-11 19:59:43,583 [INFO] myApp: My App Logger
2022-05-11 19:59:43,769 [INFO] myApp: My App Logger
2022-05-11 19:59:43,955 [INFO] myApp: My App Logger
2022-05-11 19:59:44,135 [INFO] myApp: <User 'kaw42@njit.edu'>
2022-05-11 20:01:54,697 [INFO] myApp: My App Logger
2022-05-11 20:01:54,888 [INFO] myApp: My App Logger
2022-05-11 20:01:55,191 [INFO] myApp: My App Logger
2022-05-11 20:01:55,379 [INFO] myApp: My App Logger
2022-05-11 20:01:55,560 [INFO] myApp: My App Logger
2022-05-11 20:01:55,858 [INFO] myApp: My App Logger
2022-05-11 20:01:56,099 [INFO] myApp: My App Logger
2022-05-11 20:01:56,167 [INFO] myApp: My App Logger
2022-05-11 20:01:56,385 [INFO] myApp: My App Logger
2022-05-11 20:01:56,584 [INFO] myApp: My App Logger
2022-05-11 20:01:56,772 [INFO] myApp: My App Logger
2022-05-11 20:01:56,944 [INFO] myApp: My App Logger
2022-05-11 20:01:57,127 [INFO] myApp: My App Logger
2022-05-11 20:01:57,292 [INFO] myApp: <User 'kaw42@njit.edu'>
2022-05-11 20:02:32,022 [INFO] myApp: My App Logger
2022-05-11 20:02:32,214 [INFO] myApp: My App Logger
2022-05-11 20:02:32,508 [INFO] myApp: My App Logger
2022-05-11 20:02:32,689 [INFO] myApp: My App Logger
2022-05-11 20:02:32,866 [INFO] myApp: My App Logger
2022-05-11 20:02:33,161 [INFO] myApp: My App Logger
2022-05-11 20:02:33,407 [INFO] myApp: My App Logger
2022-05-11 20:02:33,471 [INFO] myApp: My App Logger
2022-05-11 20:02:33,648 [INFO] myApp: My App Logger
2022-05-11 20:02:33,818 [INFO] myApp: My App Logger
2022-05-11 20:02:33,993 [INFO] myApp: My App Logger
2022-05-11 20:02:34,161 [INFO] myApp: My App Logger
2022-05-11 20:02:34,334 [INFO] myApp: My App Logger
2022-05-11 20:02:34,494 [INFO] myApp: <User 'kaw42@njit.edu'>
2022-05-11 20:04:04,904 [INFO] myApp: My App Logger
2022-05-11 20:04:05,082 [INFO] myApp: My App Logger
2022-05-11 20:04:05,357 [INFO] myApp: My App Logger
2022-05-11 20:04:05,525 [INFO] myApp: My App Logger
2022-05-11 20:04:05,693 [INFO] myApp: My App Logger
2022-05-11 20:04:05,984 [INFO] myApp: My App Logger
2022-05-11 20:04:06,236 [INFO] myApp: My App Logger
2022-05-11 20:04:06,294 [INFO] myApp: My App Logger
2022-05-11 20:04:06,465 [INFO] myApp: My App Logger
2022-05-11 20:04:06,636 [INFO] myApp: My App Logger
2022-05-11 20:04:06,798 [INFO] myApp: My App Logger
2022-05-11 20:04:06,964 [INFO] myApp: My App Logger
2022-05-11 20:04:07,127 [INFO] myApp: My App Logger
2022-05-11 20:04:07,281 [INFO] myApp: <User 'kaw42@njit.edu'>
2022-05-11 20:12:22,635 [INFO] myApp: My App Logger
2022-05-11 20:12:22,838 [INFO] myApp: My App Logger
2022-05-11 20:12:23,140 [INFO] myApp: My App Logger
2022-05-11 20:12:23,317 [INFO] myApp: My App Logger
2022-05-11 20:12:23,492 [INFO] myApp: My App Logger
2022-05-11 20:12:23,800 [INFO] myApp: My App Logger
2022-05-11 20:12:24,036 [INFO] myApp: My App Logger
2022-05-11 20:12:24,101 [INFO] myApp: My App Logger
2022-05-11 20:12:24,280 [INFO] myApp: My App Logger
2022-05-11 20:12:24,452 [INFO] myApp: My App Logger
2022-05-11 20:12:24,632 [INFO] myApp: My App Logger
2022-05-11 20:12:24,810 [INFO] myApp: My App Logger
2022-05-11 20:12:24,985 [INFO] myApp: My App Logger
2022-05-11 20:12:25,151 [INFO] myApp: <User 'kaw42@njit.edu'>
2022-05-11 20:19:44,469 [INFO] myApp: My App Logger
2022-05-11 20:19:44,684 [INFO] myApp: My App Logger
2022-05-11 20:19:44,999 [INFO] myApp: My App Logger
2022-05-11 20:19:45,195 [INFO] myApp: My App Logger
2022-05-11 20:19:45,371 [INFO] myApp: My App Logger
2022-05-11 20:19:45,679 [INFO] myApp: My App Logger
2022-05-11 20:19:45,938 [INFO] myApp: My App Logger
2022-05-11 20:19:46,003 [INFO] myApp: My App Logger
2022-05-11 20:19:46,188 [INFO] myApp: My App Logger
2022-05-11 20:19:46,364 [INFO] myApp: My App Logger
2022-05-11 20:19:46,540 [INFO] myApp: My App Logger
2022-05-11 20:19:46,720 [INFO] myApp: My App Logger
2022-05-11 20:19:46,898 [INFO] myApp: My App Logger
2022-05-11 20:19:47,066 [INFO] myApp: <User 'kaw42@njit.edu'>
2022-05-11 20:20:25,056 [INFO] myApp: My App Logger
2022-05-11 20:20:25,246 [INFO] myApp: My App Logger
2022-05-11 20:20:25,556 [INFO] myApp: My App Logger
2022-05-11 20:20:25,737 [INFO] myApp: My App Logger
2022-05-11 20:20:25,937 [INFO] myApp: My App Logger
2022-05-11 20:20:26,246 [INFO] myApp: My App Logger
2022-05-11 20:20:26,490 [INFO] myApp: My App Logger
2022-05-11 20:20:26,559 [INFO] myApp: My App Logger
2022-05-11 20:20:26,754 [INFO] myApp: My App Logger
2022-05-11 20:20:26,936 [INFO] myApp: My App Logger
2022-05-11 20:20:27,119 [INFO] myApp: My App Logger
2022-05-11 20:20:27,291 [INFO] myApp: My App Logger
2022-05-11 20:20:27,463 [INFO] myApp: My App Logger
2022-05-11 20:20:27,622 [INFO] myApp: <User 'kaw42@njit.edu'>
2022-05-11 20:21:39,246 [INFO] myApp: My App Logger
2022-05-11 20:21:39,460 [INFO] myApp: My App Logger
2022-05-11 20:21:39,774 [INFO] myApp: My App Logger
2022-05-11 20:21:39,955 [INFO] myApp: My App Logger
2022-05-11 20:21:40,154 [INFO] myApp: My App Logger
2022-05-11 20:21:40,447 [INFO] myApp: My App Logger
2022-05-11 20:21:40,683 [INFO] myApp: My App Logger
2022-05-11 20:21:40,753 [INFO] myApp: My App Logger
2022-05-11 20:21:40,943 [INFO] myApp: My App Logger
2022-05-11 20:21:41,122 [INFO] myApp: My App Logger
2022-05-11 20:21:41,302 [INFO] myApp: My App Logger
2022-05-11 20:21:41,478 [INFO] myApp: My App Logger
2022-05-11 20:21:41,663 [INFO] myApp: My App Logger
2022-05-11 20:21:41,832 [INFO] myApp: <User 'kaw42@njit.edu'>
2022-05-11 20:28:01,983 [INFO] myApp: My App Logger
2022-05-11 20:28:02,176 [INFO] myApp: My App Logger
2022-05-11 20:28:02,480 [INFO] myApp: My App Logger
2022-05-11 20:28:02,658 [INFO] myApp: My App Logger
2022-05-11 20:28:02,844 [INFO] myApp: My App Logger
2022-05-11 20:28:03,159 [INFO] myApp: My App Logger
2022-05-11 20:28:03,413 [INFO] myApp: My App Logger
2022-05-11 20:28:03,481 [INFO] myApp: My App Logger
2022-05-11 20:28:03,675 [INFO] myApp: My App Logger
2022-05-11 20:28:03,852 [INFO] myApp: My App Logger
2022-05-11 20:28:04,026 [INFO] myApp: My App Logger
2022-05-11 20:28:04,202 [INFO] myApp: My App Logger
2022-05-11 20:28:04,380 [INFO] myApp: My App Logger
2022-05-11 20:28:04,543 [INFO] myApp: <User 'kaw42@njit.edu'>
2022-05-11 20:38:23,437 [INFO] myApp: My App Logger
2022-05-11 20:38:23,623 [INFO] myApp: My App Logger
2022-05-11 20:38:23,932 [INFO] myApp: My App Logger
2022-05-11 20:38:24,106 [INFO] myApp: My App Logger
2022-05-11 20:38:24,280 [INFO] myApp: My App Logger
2022-05-11 20:38:24,587 [INFO] myApp: My App Logger
2022-05-11 20:38:24,838 [INFO] myApp: My App Logger
2022-05-11 20:38:24,904 [INFO] myApp: My App Logger
2022-05-11 20:38:25,098 [INFO] myApp: My App Logger
2022-05-11 20:38:25,283 [INFO] myApp: My App Logger
2022-05-11 20:38:25,463 [INFO] myApp: My App Logger
2022-05-11 20:38:25,639 [INFO] myApp: My App Logger
2022-05-11 20:38:25,831 [INFO] myApp: My App Logger
2022-05-11 20:38:25,995 [INFO] myApp: <User 'kaw42@njit.edu'>
2022-05-11 20:38:47,946 [INFO] myApp: My App Logger
2022-05-11 20:38:48,131 [INFO] myApp: My App Logger
2022-05-11 20:38:48,430 [INFO] myApp: My App Logger
2022-05-11 20:38:48,609 [INFO] myApp: My App Logger
2022-05-11 20:38:48,780 [INFO] myApp: My App Logger
2022-05-11 20:38:49,075 [INFO] myApp: My App Logger
2022-05-11 20:38:49,317 [INFO] myApp: My App Logger
2022-05-11 20:38:49,389 [INFO] myApp: My App Logger
2022-05-11 20:38:49,571 [INFO] myApp: My App Logger
2022-05-11 20:38:49,752 [INFO] myApp: My App Logger
2022-05-11 20:38:49,929 [INFO] myApp: My App Logger
2022-05-11 20:38:50,109 [INFO] myApp: My App Logger
2022-05-11 20:38:50,285 [INFO] myApp: My App Logger
2022-05-11 20:38:50,456 [INFO] myApp: <User 'kaw42@njit.edu'>
2022-05-11 20:39:42,344 [INFO] myApp: My App Logger
2022-05-11 20:39:42,534 [INFO] myApp: My App Logger
2022-05-11 20:39:42,847 [INFO] myApp: My App Logger
2022-05-11 20:39:43,029 [INFO] myApp: My App Logger
2022-05-11 20:39:43,210 [INFO] myApp: My App Logger
2022-05-11 20:39:43,543 [INFO] myApp: My App Logger
2022-05-11 20:39:43,785 [INFO] myApp: My App Logger
2022-05-11 20:39:43,852 [INFO] myApp: My App Logger
2022-05-11 20:39:44,036 [INFO] myApp: My App Logger
2022-05-11 20:39:44,221 [INFO] myApp: My App Logger
2022-05-11 20:39:44,417 [INFO] myApp: My App Logger
2022-05-11 20:39:44,600 [INFO] myApp: My App Logger
2022-05-11 20:39:44,784 [INFO] myApp: My App Logger
2022-05-11 20:39:44,950 [INFO] myApp: <User 'kaw42@njit.edu'>
2022-05-11 20:42:24,443 [INFO] myApp: My App Logger
2022-05-11 20:42:24,628 [INFO] myApp: My App Logger
2022-05-11 20:42:24,924 [INFO] myApp: My App Logger
2022-05-11 20:42:25,109 [INFO] myApp: My App Logger
2022-05-11 20:42:25,292 [INFO] myApp: My App Logger
2022-05-11 20:42:25,576 [INFO] myApp: My App Logger
2022-05-11 20:42:25,818 [INFO] myApp: My App Logger
2022-05-11 20:42:25,884 [INFO] myApp: My App Logger
2022-05-11 20:42:26,059 [INFO] myApp: My App Logger
2022-05-11 20:42:26,236 [INFO] myApp: My App Logger
2022-05-11 20:42:26,416 [INFO] myApp: My App Logger
2022-05-11 20:42:26,591 [INFO] myApp: My App Logger
2022-05-11 20:42:26,764 [INFO] myApp: My App Logger
2022-05-11 20:42:26,930 [INFO] myApp: <User 'kaw42@njit.edu'>
2022-05-11 20:43:35,646 [INFO] myApp: My App Logger
2022-05-11 20:43:35,842 [INFO] myApp: My App Logger
2022-05-11 20:43:36,165 [INFO] myApp: My App Logger
2022-05-11 20:43:36,344 [INFO] myApp: My App Logger
2022-05-11 20:43:36,529 [INFO] myApp: My App Logger
2022-05-11 20:43:36,825 [INFO] myApp: My App Logger
2022-05-11 20:43:37,090 [INFO] myApp: My App Logger
2022-05-11 20:43:37,162 [INFO] myApp: My App Logger
2022-05-11 20:43:37,374 [INFO] myApp: My App Logger
2022-05-11 20:43:37,557 [INFO] myApp: My App Logger
2022-05-11 20:43:37,745 [INFO] myApp: My App Logger
2022-05-11 20:43:37,942 [INFO] myApp: My App Logger
2022-05-11 20:43:38,128 [INFO] myApp: My App Logger
2022-05-11 20:43:38,298 [INFO] myApp: <User 'kaw42@njit.edu'>
2022-05-11 20:46:12,328 [INFO] myApp: My App Logger
2022-05-11 20:47:31,674 [INFO] myApp: My App Logger
2022-05-11 20:48:53,594 [INFO] myApp: My App Logger
2022-05-11 20:50:38,595 [INFO] myApp: My App Logger
2022-05-11 20:52:20,278 [INFO] myApp: My App Logger
2022-05-11 20:53:04,993 [INFO] myApp: My App Logger
2022-05-11 20:58:38,255 [INFO] myApp: My App Logger
2022-05-11 21:17:08,751 [INFO] myApp: My App Logger
2022-05-11 21:17:38,662 [INFO] myApp: My App Logger
2022-05-11 21:19:55,656 [INFO] myApp: My App Logger
2022-05-11 21:22:38,988 [INFO] myApp: My App Logger
2022-05-11 21:24:43,222 [INFO] myApp: My App Logger
2022-05-11 21:24:43,341 [INFO] myApp: 	-- 28 Transaction(s) Uploaded by current user <User 'kellyannwu@gmail.com'> w/ balance 10601.0 --
2022-05-11 21:36:28,531 [INFO] myApp: My App Logger
2022-05-11 21:36:28,723 [INFO] myApp: My App Logger
2022-05-11 21:36:29,244 [INFO] myApp: My App Logger
2022-05-11 21:36:29,652 [INFO] myApp: My App Logger
2022-05-11 21:36:29,832 [INFO] myApp: My App Logger
2022-05-11 21:36:30,133 [INFO] myApp: My App Logger
2022-05-11 21:36:30,360 [INFO] myApp: My App Logger
2022-05-11 21:36:30,419 [INFO] myApp: My App Logger
2022-05-11 21:36:30,601 [INFO] myApp: My App Logger
2022-05-11 21:36:30,779 [INFO] myApp: My App Logger
2022-05-11 21:36:30,952 [INFO] myApp: My App Logger
2022-05-11 21:36:31,127 [INFO] myApp: My App Logger
2022-05-11 21:36:31,299 [INFO] myApp: My App Logger
2022-05-11 21:36:31,463 [INFO] myApp: <User 'kaw42@njit.edu'>
2022-05-11 21:37:05,638 [INFO] myApp: My App Logger
2022-05-11 21:37:05,828 [INFO] myApp: My App Logger
2022-05-11 21:37:06,288 [INFO] myApp: My App Logger
2022-05-11 21:37:06,691 [INFO] myApp: My App Logger
2022-05-11 21:37:06,863 [INFO] myApp: My App Logger
2022-05-11 21:37:07,126 [INFO] myApp: My App Logger
2022-05-11 21:37:07,390 [INFO] myApp: My App Logger
2022-05-11 21:37:07,453 [INFO] myApp: My App Logger
2022-05-11 21:37:07,631 [INFO] myApp: My App Logger
2022-05-11 21:37:07,807 [INFO] myApp: My App Logger
2022-05-11 21:37:07,991 [INFO] myApp: My App Logger
2022-05-11 21:37:08,161 [INFO] myApp: My App Logger
2022-05-11 21:37:08,334 [INFO] myApp: My App Logger
2022-05-11 21:37:08,507 [INFO] myApp: <User 'kaw42@njit.edu'>
2022-05-11 21:37:14,654 [INFO] myApp: My App Logger
2022-05-11 21:37:14,845 [INFO] myApp: My App Logger
2022-05-11 21:37:15,344 [INFO] myApp: My App Logger
2022-05-11 21:37:15,512 [INFO] myApp: My App Logger
2022-05-11 21:37:15,679 [INFO] myApp: My App Logger
2022-05-11 21:37:15,972 [INFO] myApp: My App Logger
2022-05-11 21:37:16,218 [INFO] myApp: My App Logger
2022-05-11 21:37:16,286 [INFO] myApp: My App Logger
2022-05-11 21:37:16,473 [INFO] myApp: My App Logger
2022-05-11 21:37:16,653 [INFO] myApp: My App Logger
2022-05-11 21:37:16,824 [INFO] myApp: My App Logger
2022-05-11 21:37:16,998 [INFO] myApp: My App Logger
2022-05-11 21:37:17,181 [INFO] myApp: My App Logger
2022-05-11 21:37:17,375 [INFO] myApp: <User 'kaw42@njit.edu'>
2022-05-11 21:38:06,429 [INFO] myApp: My App Logger
2022-05-11 21:38:06,606 [INFO] myApp: My App Logger
2022-05-11 21:38:09,311 [INFO] myApp: My App Logger
2022-05-11 21:38:09,491 [INFO] myApp: My App Logger
2022-05-11 21:38:09,671 [INFO] myApp: My App Logger
2022-05-11 21:38:09,958 [INFO] myApp: My App Logger
2022-05-11 21:38:12,289 [INFO] myApp: My App Logger
2022-05-11 21:38:12,357 [INFO] myApp: My App Logger
2022-05-11 21:38:12,543 [INFO] myApp: My App Logger
2022-05-11 21:38:12,707 [INFO] myApp: My App Logger
2022-05-11 21:38:12,874 [INFO] myApp: My App Logger
2022-05-11 21:38:13,056 [INFO] myApp: My App Logger
2022-05-11 21:38:13,230 [INFO] myApp: My App Logger
2022-05-11 21:38:13,412 [INFO] myApp: <User 'kaw42@njit.edu'>
2022-05-12 01:58:39,177 [INFO] myApp: My App Logger
2022-05-12 02:02:40,597 [INFO] myApp: 	-- 28 Transaction(s) Uploaded by current user <User 'user@gmail.com'> w/ balance 10601.0 --
2022-05-12 02:08:10,822 [INFO] myApp: My App Logger
2022-05-12 02:08:11,170 [INFO] myApp: My App Logger
2022-05-12 02:08:11,823 [INFO] myApp: My App Logger
2022-05-12 02:08:12,167 [INFO] myApp: My App Logger
2022-05-12 02:08:12,479 [INFO] myApp: My App Logger
2022-05-12 02:08:12,945 [INFO] myApp: My App Logger
2022-05-12 02:08:13,275 [INFO] myApp: My App Logger
2022-05-12 02:08:13,357 [INFO] myApp: My App Logger
2022-05-12 02:08:13,562 [INFO] myApp: My App Logger
2022-05-12 02:08:14,035 [INFO] myApp: My App Logger
2022-05-12 02:08:14,211 [INFO] myApp: My App Logger
2022-05-12 02:08:14,582 [INFO] myApp: My App Logger
2022-05-12 02:08:14,832 [INFO] myApp: My App Logger
2022-05-12 02:08:15,067 [INFO] myApp: <User 'kaw42@njit.edu'>
2022-05-12 02:09:43,646 [INFO] myApp: My App Logger
2022-05-12 02:09:44,910 [INFO] myApp: My App Logger
2022-05-12 02:09:45,463 [INFO] myApp: My App Logger
2022-05-12 02:09:45,742 [INFO] myApp: My App Logger
2022-05-12 02:09:46,048 [INFO] myApp: My App Logger
2022-05-12 02:09:46,594 [INFO] myApp: My App Logger
2022-05-12 02:09:47,011 [INFO] myApp: My App Logger
2022-05-12 02:09:47,130 [INFO] myApp: My App Logger
2022-05-12 02:09:47,510 [INFO] myApp: My App Logger
2022-05-12 02:09:47,823 [INFO] myApp: My App Logger
2022-05-12 02:09:48,109 [INFO] myApp: My App Logger
2022-05-12 02:09:48,339 [INFO] myApp: My App Logger
2022-05-12 02:09:48,574 [INFO] myApp: My App Logger
2022-05-12 02:09:48,847 [INFO] myApp: <User 'kaw42@njit.edu'>
